<?xml version="1.0" encoding="UTF-8"?>
<!-- Generated by org.testng.reporters.JUnitReportReporter -->
<testsuite hostname="LAPTOP-21TTL97P" failures="0" tests="2" name="TestCases.LoginTest" time="5.486" errors="0" timestamp="30 Apr 2023 04:19:47 GMT" skipped="0">
  <testcase classname="TestCases.LoginTest" name="Positive" time="2.489"/>
  <testcase classname="TestCases.LoginTest" name="Negative" time="2.997"/>
</testsuite> <!-- TestCases.LoginTest -->
